               _______                    ________________________________
               __  __ \______________________  __ \__  __ \__    |_  ____/
               _  / / /__  __ \  _ \_  __ \_  / / /_  /_/ /_  /| |  / __  
               / /_/ /__  /_/ /  __/  / / /  /_/ /_  _, _/_  ___ / /_/ /  
               \____/ _  .___/\___//_/ /_//_____/ /_/ |_| /_/  |_\____/   
                      /_/                                                 
=======================================================================================
Vehicle: MR-22
Date:    19/09/2024
Time:    19:48:25
=======================================================================================
Acceleration simulation started:
Initial Speed: 0 km/h
|_______Comment________|_Speed_|_Accel_|_EnRPM_|_Gear__|_Tabs__|_Xabs__|_Trel__|_Xrel_|
|______________________|[km/h]_|__[G]__|_[rpm]_|__[#]__|__[s]__|__[m]__|__[s]__|_[m]__|
Speed Trap #  1  50km/h   50.00	   1.14	   7225	      1	   1.58	  10.28	   1.58	  10.28
Shifting to gear # 2	  65.91	  -0.14	   9531	      2	   2.02	  17.46	   2.02	  17.46
Shifting to gear # 3	  79.92	  -0.21	   9489	      3	   2.55	  28.33	   2.55	  28.33
Shifting to gear # 4	  95.96	  -0.30	   9448	      4	   3.43	  50.02	   3.43	  50.02
Speed Trap #  2 100km/h  100.01	   0.35	   8215	      4	   3.74	  58.46	   3.74	  58.46
Shifting to gear # 5	 113.50	  -0.42	   9324	      5	   5.15	 100.62	   5.15	 100.62
Drag limited        	 128.11	   0.01	   9299	      5	  11.77	 328.85	  11.77	 328.85
Average acceleration:    0.308 [G]
Peak acceleration   :    1.147 [G]
経過時間は 0.096229 秒です。
===============================================================================
Deceleration simulation started:
Initial Speed: 128.1128 [km/h]
|_______Comment________|_Speed_|_Accel_|_EnRPM_|_Gear__|_Tabs__|_Xabs__|_Trel__|_Xrel_|
|______________________|[km/h]_|__[G]__|_[rpm]_|__[#]__|__[s]__|__[m]__|__[s]__|_[m]__|
Speed Trap #  2 100km/h   99.85	  -5.22	   8218	      4	  11.90	 333.00	   0.13	   4.15
Speed Trap #  1  50km/h   49.99	  -2.97	   7244	      1	  12.26	 340.36	   0.50	  11.51
Stopped             	   0.00	  -2.20	      6	      1	  12.84	 344.19	   1.08	  15.34
Average deceleration:    3.365 [G]
Peak deceleration   :    7.069 [G]
経過時間は 0.022706 秒です。
===============================================================================
Simulation completed successfully.
経過時間は 0.155762 秒です。
